[debug] [2023-08-28T16:36:08.275Z] ----------------------------------------------------------------------
[debug] [2023-08-28T16:36:08.276Z] Command:       C:\Program Files\nodejs\node.exe C:\Users\hrido\AppData\Roaming\npm\node_modules\firebase-tools\lib\bin\firebase.js init
[debug] [2023-08-28T16:36:08.276Z] CLI Version:   12.3.1
[debug] [2023-08-28T16:36:08.277Z] Platform:      win32
[debug] [2023-08-28T16:36:08.277Z] Node Version:  v18.15.0
[debug] [2023-08-28T16:36:08.277Z] Time:          Mon Aug 28 2023 22:36:08 GMT+0600 (Bangladesh Standard Time)
[debug] [2023-08-28T16:36:08.277Z] ----------------------------------------------------------------------
[debug] 
[debug] [2023-08-28T16:36:08.328Z] > command requires scopes: ["email","openid","https://www.googleapis.com/auth/cloudplatformprojects.readonly","https://www.googleapis.com/auth/firebase","https://www.googleapis.com/auth/cloud-platform"]
[debug] [2023-08-28T16:36:08.328Z] > authorizing via signed-in user (hridoyfahad30@gmail.com)
[info] 
     ######## #### ########  ######## ########     ###     ######  ########
     ##        ##  ##     ## ##       ##     ##  ##   ##  ##       ##
     ######    ##  ########  ######   ########  #########  ######  ######
     ##        ##  ##    ##  ##       ##     ## ##     ##       ## ##
     ##       #### ##     ## ######## ########  ##     ##  ######  ########

You're about to initialize a Firebase project in this directory:

  E:\Web Development\All\Assignment\10th Assignment\Awesome-chef-project\awesome-chef-recipe-client

Before we get started, keep in mind:

  * You are initializing within an existing Firebase project directory

[info] 
=== Project Setup
[info] 
[info] First, let's associate this project directory with a Firebase project.
[info] You can create multiple project aliases by running firebase use --add, 
[info] but for now we'll just set up a default project.
[info] 
[debug] [2023-08-28T16:36:12.767Z] Using project from CLI flag: awesome-recipe-c54d0
[debug] [2023-08-28T16:36:12.769Z] >>> [apiv2][query] GET https://firebase.googleapis.com/v1beta1/projects/awesome-recipe-c54d0 [none]
[debug] [2023-08-28T16:36:13.726Z] <<< [apiv2][status] GET https://firebase.googleapis.com/v1beta1/projects/awesome-recipe-c54d0 200
[debug] [2023-08-28T16:36:13.726Z] <<< [apiv2][body] GET https://firebase.googleapis.com/v1beta1/projects/awesome-recipe-c54d0 {"projectId":"awesome-recipe-c54d0","projectNumber":"379338742643","displayName":"awesome-recipe","name":"projects/awesome-recipe-c54d0","resources":{"hostingSite":"awesome-recipe-c54d0"},"state":"ACTIVE","etag":"1_f25c8c16-569f-4cd4-9d56-ca03d1e83107"}
[info] i  Using project awesome-recipe-c54d0 (awesome-recipe) 
[info] 
=== Hosting Setup
[info] 
[info] Your public directory is the folder (relative to your project directory) that
[info] will contain Hosting assets to be uploaded with firebase deploy. If you
[info] have a build process for your assets, use your build's output directory.
[info] 
